6 6 6 6 6 0 0 1
0 0 0 0 0 0 0 1
6 6 6 6 6 0 0 1
0 0 0 0 0 0 0 1
6 6 6 6 6 0 0 1
0 0 0 0 0 0 0 1
6 6 6 6 6 0 0 1
1200 1200 1200 1200 200 0 0 11
6 6 6 6 6 0 0 1
1200 1200 1200 1200 200 0 0 11
6 6 6 6 6 0 0 1
1200 1200 1200 1200 200 0 0 11
6 6 6 6 6 0 0 1
600 600 600 600 200 0 0 10
6 6 6 6 6 0 0 1
600 600 600 600 200 0 0 10
6 6 6 6 6 0 0 1
600 600 600 600 200 0 0 10
6 6 6 6 6 0 0 1
6000 6000 6000 6000 250 0 0 2
6 6 6 6 6 0 0 1
6000 6000 6000 6000 250 0 0 2
6 6 6 6 6 0 0 1
6000 6000 6000 6000 250 0 0 2
1536 1536 1536 1536 6 0 10 1
0 0 0 0 0 0 10 1
1536 1536 1536 1536 6 0 10 1
0 0 0 0 0 0 10 1
1536 1536 1536 1536 6 0 10 1
0 0 0 0 0 0 10 1
1536 1536 1536 1536 6 0 10 1
1200 1200 1200 1200 4 176 10 1
1536 1536 1536 1536 6 0 10 1
1200 1200 1200 1200 4 176 10 1
1536 1536 1536 1536 6 0 10 1
1200 1200 1200 1200 4 176 10 1
1536 1536 1536 1536 6 0 10 1
600 600 600 600 2 88 10 1
1536 1536 1536 1536 6 0 10 1
600 600 600 600 2 88 10 1
1536 1536 1536 1536 6 0 10 1
600 600 600 600 2 88 10 1
1536 1536 1536 1536 6 0 10 1
6000 6000 6000 6000 23 112 10 1
1536 1536 1536 1536 6 0 10 1
6000 6000 6000 6000 23 112 10 1
1536 1536 1536 1536 6 0 10 1
6000 6000 6000 6000 23 112 10 1
2400 0-2400 0 2400 0 200 5 12
24 0-24 0 24 0 24 5 1
2400 0-2400 0 2400 0 200 5 12
1200 600-1200 600 1200 50 100 5 12
2400 0-2400 0 2400 0 200 5 12
48 24-48 24 48 24 48 5 1
2400 0-2400 0 2400 0 200 5 12
66 36-66 36 66 36 66 5 1
0 0 0 0 0 0 0 1
6 3-6 3 6 3 6 2 1
